IQ-TREE multicore version 1.6.1 for Linux 64-bit built Dec 26 2017
Developed by Bui Quang Minh, Nguyen Lam Tung, Olga Chernomor,
Heiko Schmidt, Dominik Schrempf, Michael Woodhams.

Host:    stoat (AVX, 62 GB RAM)
Command: iqtree -s ASNase_human_like_aa_seq_id50_MAFFTalign_rename.phylip -asr -redo
Seed:    414830 (Using SPRNG - Scalable Parallel Random Number Generator)
Time:    Fri Sep 14 19:46:56 2018
Kernel:  AVX - 1 threads (16 CPU cores detected)

HINT: Use -nt option to specify number of threads because your CPU has 16 cores!
HINT: -nt AUTO will automatically determine the best number of threads to use.

Reading alignment file ASNase_human_like_aa_seq_id50_MAFFTalign_rename.phylip ... Phylip format detected
Alignment most likely contains DNA/RNA sequences
Alignment has 114 sequences with 2961 columns, 2126 distinct patterns
1833 parsimony-informative, 229 singleton sites, 899 constant sites
     Gap/Ambiguity  Composition  p-value
   1  0     36.47%    failed      0.00%
   2  1     33.84%    failed      0.00%
   3  2     33.64%    failed      0.00%
   4  3     37.59%    failed      0.00%
   5  4     35.46%    failed      0.00%
   6  5     36.68%    failed      0.00%
   7  6     29.18%    failed      0.33%
   8  7     26.24%    passed      6.38%
   9  8     29.89%    failed      0.01%
  10  9     33.84%    failed      0.75%
  11  10    33.84%    failed      0.12%
  12  11    35.56%    passed     62.92%
  13  12    36.07%    passed     99.14%
  14  13    36.07%    passed     81.76%
  15  14    36.07%    passed     33.75%
  16  15    35.36%    passed     46.04%
  17  16    33.64%    failed      0.00%
  18  17    33.54%    failed      0.00%
  19  18    34.14%    failed      0.00%
  20  19    31.41%    passed     20.95%
  21  20    34.35%    passed      8.97%
  22  21    33.54%    failed      0.00%
  23  22    33.43%    failed      0.00%
  24  23    33.23%    failed      0.00%
  25  24    31.51%    failed      0.00%
  26  25    31.51%    failed      0.00%
  27  26    31.51%    failed      0.00%
  28  27    39.11%    failed      0.05%
  29  28    38.70%    passed     90.76%
  30  29    38.80%    passed     49.12%
  31  30    38.70%    passed     47.48%
  32  31    38.80%    passed     70.46%
  33  32    38.80%    passed     59.37%
  34  33    38.70%    passed     79.82%
  35  34    38.70%    passed     15.20%
  36  35    38.60%    passed     68.70%
  37  36    38.60%    passed     72.41%
  38  37    38.40%    failed      0.00%
  39  38    39.51%    failed      0.00%
  40  39    39.61%    failed      0.00%
  41  40    39.82%    failed      0.01%
  42  41    41.34%    failed      0.00%
  43  42    41.95%    failed      0.00%
  44  43    41.95%    failed      0.00%
  45  44    41.95%    failed      0.00%
  46  45    41.95%    failed      0.00%
  47  46    41.95%    failed      0.00%
  48  47    41.95%    failed      0.00%
  49  48    41.95%    failed      0.00%
  50  49    41.95%    failed      0.00%
  51  50    41.95%    failed      0.00%
  52  51    41.95%    failed      0.00%
  53  52    41.95%    failed      0.00%
  54  53    41.95%    failed      0.00%
  55  54    41.95%    failed      0.00%
  56  55    41.34%    failed      0.00%
  57  56    43.77%    failed      0.00%
  58  57    42.15%    failed      0.00%
  59  58    42.15%    failed      0.00%
  60  59    42.15%    failed      0.00%
  61  60    42.45%    failed      0.00%
  62  61    43.57%    failed      0.00%
  63  62    40.32%    failed      0.00%
  64  63    40.73%    failed      0.00%
  65  64    42.15%    failed      0.00%
  66  65    41.84%    failed      0.00%
  67  66    43.87%    failed      0.00%
  68  67    42.86%    failed      0.00%
  69  68    39.11%    failed      0.00%
  70  69    51.37%    failed      0.01%
  71  70    54.51%    failed      0.00%
  72  71    42.86%    failed      0.53%
  73  72    42.86%    failed      0.18%
  74  73    24.62%    failed      0.00%
  75  74    42.65%    failed      0.00%
  76  75    42.76%    failed      0.00%
  77  76    42.76%    failed      0.00%
  78  77    43.16%    passed     20.82%
  79  78    38.40%    failed      0.00%
  80  79    38.50%    failed      0.00%
  81  80    47.11%    failed      0.00%
  82  81    39.51%    failed      0.00%
  83  82    43.77%    failed      0.00%
  84  83    43.06%    failed      0.00%
  85  84    37.59%    failed      0.00%
  86  85    34.45%    failed      0.00%
  87  86    40.22%    failed      0.00%
  88  87    33.23%    passed     13.64%
  89  88    34.04%    passed     12.66%
  90  89    33.13%    passed     27.29%
  91  90    32.93%    passed     43.09%
  92  91    34.14%    passed     50.90%
  93  92    29.18%    passed     16.12%
  94  93    30.40%    passed     23.45%
  95  94    30.19%    passed      8.31%
  96  95    30.80%    passed     13.09%
  97  96    31.61%    passed     17.25%
  98  97    31.41%    passed     11.54%
  99  98    39.31%    passed     12.49%
 100  99    39.11%    passed     13.10%
 101  100   39.92%    passed     16.31%
 102  101   36.58%    failed      0.06%
 103  102   32.62%    failed      0.01%
 104  103   33.43%    failed      0.01%
 105  104   32.73%    failed      0.13%
 106  105   32.62%    failed      0.00%
 107  106   33.33%    failed      0.00%
 108  107   34.55%    failed      0.00%
 109  108   33.03%    failed      0.00%
 110  109   31.81%    failed      0.00%
 111  110   32.52%    failed      0.00%
 112  111   33.70%    failed      0.68%
 113  112   33.84%    failed      0.00%
 114  113   34.55%    passed     16.01%
WARNING: 2 sequences contain more than 50% gaps/ambiguity
****  TOTAL   37.57%  81 sequences failed composition chi2 test (p-value<5%; df=3)

NOTE: Restoring information from model checkpoint file ASNase_human_like_aa_seq_id50_MAFFTalign_rename.phylip.model.gz

CHECKPOINT: Initial tree restored
NOTE: ModelFinder requires 78 MB RAM!
ModelFinder will test 286 DNA models (sample size: 2961) ...
 No. Model         -LnL         df  AIC          AICc         BIC
  1  JC            93557.243    225 187564.486   187601.671   188912.975
  2  JC+I          91219.513    226 182891.026   182928.555   184245.508
  3  JC+G4         87704.259    226 175860.517   175898.046   177214.999
  4  JC+I+G4       87570.966    227 175595.932   175633.807   176956.407
  5  JC+R2         88564.348    227 177582.695   177620.570   178943.170
  6  JC+R3         87696.381    229 175850.761   175889.333   177223.223
  7  JC+R4         87541.829    231 175545.658   175584.934   176930.106
  8  JC+R5         87511.435    233 175488.871   175528.858   176885.306
  9  JC+R6         87505.812    235 175481.624   175522.329   176890.046
 14  F81+F         93768.834    228 187993.669   188031.891   189360.137
 15  F81+F+I       91387.450    229 183232.899   183271.471   184605.361
 16  F81+F+G4      87818.549    229 176095.098   176133.670   177467.560
 17  F81+F+I+G4    87684.252    230 175828.504   175867.427   177206.959
 18  F81+F+R2      88699.020    230 177858.040   177896.963   179236.495
 19  F81+F+R3      87813.351    232 176090.703   176130.333   177481.144
 20  F81+F+R4      87658.212    234 175784.424   175824.769   177186.852
 21  F81+F+R5      87627.565    236 175727.130   175768.196   177141.544
 22  F81+F+R6      87619.968    238 175715.935   175757.730   177142.337
 27  K2P           92158.526    226 184769.053   184806.582   186123.535
 28  K2P+I         89784.603    227 180023.206   180061.081   181383.681
 29  K2P+G4        86071.576    227 172597.152   172635.027   173957.627
 30  K2P+I+G4      85943.010    228 172342.021   172380.243   173708.489
 31  K2P+R2        87022.262    228 174500.524   174538.747   175866.992
 32  K2P+R3        86097.491    230 172654.982   172693.905   174033.437
 33  K2P+R4        85926.205    232 172316.410   172356.041   173706.852
 34  K2P+R5        85887.295    234 172242.591   172282.936   173645.019
 35  K2P+R6        85880.829    236 172233.658   172274.724   173648.072
 40  HKY+F         92338.376    229 185134.753   185173.325   186507.214
 41  HKY+F+I       89905.030    230 180270.060   180308.984   181648.515
 42  HKY+F+G4      86077.023    230 172614.047   172652.970   173992.501
 43  HKY+F+I+G4    85948.138    231 172358.276   172397.552   173742.725
 44  HKY+F+R2      87062.537    231 174587.074   174626.350   175971.522
 45  HKY+F+R3      86111.865    233 172689.730   172729.717   174086.165
 46  HKY+F+R4      85936.025    235 172342.049   172382.754   173750.471
 47  HKY+F+R5      85898.508    237 172271.016   172312.446   173691.424
 48  HKY+F+R6      85888.549    239 172255.097   172297.258   173687.492
 49  HKY+F+R7      85888.470    241 172258.940   172301.840   173703.321
 53  TNe           92124.272    227 184702.544   184740.419   186063.019
 54  TNe+I         89722.098    228 179900.197   179938.419   181266.665
 55  TNe+G4        86048.845    228 172553.690   172591.912   173920.158
 56  TNe+I+G4      85916.121    229 172290.242   172328.814   173662.704
 57  TNe+R2        87004.662    229 174467.324   174505.896   175839.785
 58  TNe+R3        86069.434    231 172600.867   172640.143   173985.316
 59  TNe+R4        85899.637    233 172265.274   172305.261   173661.709
 60  TNe+R5        85858.728    235 172187.456   172228.161   173595.878
 61  TNe+R6        85851.816    237 172177.632   172219.061   173598.040
 66  TN+F          92272.756    230 185005.513   185044.436   186383.968
 67  TN+F+I        89791.344    231 180044.689   180083.965   181429.137
 68  TN+F+G4       86015.893    231 172493.787   172533.062   173878.235
 69  TN+F+I+G4     85881.985    232 172227.970   172267.600   173618.411
 70  TN+F+R2       87017.276    232 174498.552   174538.183   175888.994
 71  TN+F+R3       86046.126    234 172560.253   172600.598   173962.681
 72  TN+F+R4       85868.295    236 172208.591   172249.657   173623.006
 73  TN+F+R5       85830.718    238 172137.436   172179.230   173563.837
 74  TN+F+R6       85819.389    240 172118.777   172161.306   173557.165
 75  TN+F+R7       85819.320    242 172122.641   172165.912   173573.015
 79  K3P           92157.246    227 184768.491   184806.366   186128.966
 80  K3P+I         89783.135    228 180022.269   180060.492   181388.738
 81  K3P+G4        86070.975    228 172597.951   172636.173   173964.419
 82  K3P+I+G4      85942.454    229 172342.909   172381.481   173715.371
 83  K3P+R2        87019.997    229 174497.993   174536.565   175870.455
 84  K3P+R3        86096.351    231 172654.703   172693.979   174039.151
 85  K3P+R4        85925.386    233 172316.772   172356.759   173713.207
 86  K3P+R5        85886.696    235 172243.391   172284.096   173651.813
 87  K3P+R6        85879.957    237 172233.915   172275.344   173654.323
 92  K3Pu+F        92338.244    230 185136.487   185175.410   186514.942
 93  K3Pu+F+I      89904.979    231 180271.958   180311.234   181656.406
 94  K3Pu+F+G4     86075.412    231 172612.824   172652.100   173997.272
 95  K3Pu+F+I+G4   85946.387    232 172356.774   172396.405   173747.216
 96  K3Pu+F+R2     87062.428    232 174588.857   174628.487   175979.298
 97  K3Pu+F+R3     86111.023    234 172690.047   172730.392   174092.475
 98  K3Pu+F+R4     85934.682    236 172341.365   172382.431   173755.779
 99  K3Pu+F+R5     85896.908    238 172269.815   172311.610   173696.217
100  K3Pu+F+R6     85886.605    240 172253.211   172295.740   173691.598
101  K3Pu+F+R7     85886.548    242 172257.096   172300.368   173707.471
105  TPM2+F        92273.562    230 185007.124   185046.047   186385.579
106  TPM2+F+I      89847.325    231 180156.650   180195.926   181541.099
107  TPM2+F+G4     85933.855    231 172329.709   172368.985   173714.158
108  TPM2+F+I+G4   85807.167    232 172078.334   172117.964   173468.775
109  TPM2+F+R2     86947.434    232 174358.868   174398.498   175749.309
110  TPM2+F+R3     85979.658    234 172427.315   172467.660   173829.744
111  TPM2+F+R4     85803.211    236 172078.421   172119.487   173492.836
112  TPM2+F+R5     85761.595    238 171999.190   172040.984   173425.591
113  TPM2+F+R6     85750.339    240 171980.679   172023.208   173419.067
114  TPM2+F+R7     85750.271    242 171984.542   172027.813   173434.916
118  TPM2u+F       92273.563    230 185007.127   185046.050   186385.582
119  TPM2u+F+I     89847.328    231 180156.657   180195.933   181541.105
120  TPM2u+F+G4    85933.858    231 172329.716   172368.992   173714.165
121  TPM2u+F+I+G4  85807.173    232 172078.346   172117.976   173468.787
122  TPM2u+F+R2    86947.438    232 174358.876   174398.506   175749.317
123  TPM2u+F+R3    85979.661    234 172427.322   172467.667   173829.750
124  TPM2u+F+R4    85803.157    236 172078.314   172119.380   173492.729
125  TPM2u+F+R5    85761.411    238 171998.823   172040.617   173425.224
126  TPM2u+F+R6    85750.240    240 171980.481   172023.010   173418.869
127  TPM2u+F+R7    85750.235    242 171984.470   172027.742   173434.845
131  TPM3+F        92276.110    230 185012.221   185051.144   186390.676
132  TPM3+F+I      89891.268    231 180244.537   180283.813   181628.985
133  TPM3+F+G4     86071.209    231 172604.418   172643.694   173988.867
134  TPM3+F+I+G4   85943.093    232 172350.187   172389.817   173740.628
135  TPM3+F+R2     87054.355    232 174572.710   174612.340   175963.151
136  TPM3+F+R3     86106.029    234 172680.059   172720.404   174082.487
137  TPM3+F+R4     85932.083    236 172336.166   172377.232   173750.581
138  TPM3+F+R5     85893.228    238 172262.457   172304.251   173688.858
139  TPM3+F+R6     85883.437    240 172246.875   172289.404   173685.263
140  TPM3+F+R7     85883.427    242 172250.855   172294.126   173701.229
144  TPM3u+F       92276.116    230 185012.232   185051.155   186390.687
145  TPM3u+F+I     89891.272    231 180244.544   180283.820   181628.992
146  TPM3u+F+G4    86071.214    231 172604.428   172643.704   173988.876
147  TPM3u+F+I+G4  85943.099    232 172350.198   172389.829   173740.640
148  TPM3u+F+R2    87054.354    232 174572.709   174612.339   175963.150
149  TPM3u+F+R3    86106.033    234 172680.067   172720.411   174082.495
150  TPM3u+F+R4    85932.101    236 172336.202   172377.268   173750.617
151  TPM3u+F+R5    85893.177    238 172262.353   172304.147   173688.754
152  TPM3u+F+R6    85883.427    240 172246.853   172289.382   173685.241
153  TPM3u+F+R7    85883.422    242 172250.844   172294.115   173701.218
157  TIMe          92122.998    228 184701.996   184740.218   186068.464
158  TIMe+I        89720.624    229 179899.248   179937.820   181271.710
159  TIMe+G4       86048.229    229 172554.458   172593.030   173926.919
160  TIMe+I+G4     85915.581    230 172291.161   172330.084   173669.616
161  TIMe+R2       87002.402    230 174464.804   174503.727   175843.259
162  TIMe+R3       86068.259    232 172600.519   172640.149   173990.960
163  TIMe+R4       85898.827    234 172265.654   172305.999   173668.082
164  TIMe+R5       85858.216    236 172188.432   172229.498   173602.846
165  TIMe+R6       85850.974    238 172177.948   172219.743   173604.350
170  TIM+F         92272.663    231 185007.326   185046.602   186391.774
171  TIM+F+I       89791.296    232 180046.591   180086.222   181437.033
172  TIM+F+G4      86014.211    232 172492.421   172532.052   173882.863
173  TIM+F+I+G4    85880.181    233 172226.363   172266.349   173622.797
174  TIM+F+R2      87017.162    233 174500.325   174540.311   175896.759
175  TIM+F+R3      86045.241    235 172560.482   172601.187   173968.903
176  TIM+F+R4      85866.888    237 172207.775   172249.205   173628.183
177  TIM+F+R5      85829.110    239 172136.219   172178.380   173568.614
178  TIM+F+R6      85817.387    241 172116.774   172159.674   173561.155
179  TIM+F+R7      85817.385    243 172120.770   172164.415   173577.137
183  TIM2e         92116.672    228 184689.345   184727.567   186055.813
184  TIM2e+I       89715.404    229 179888.807   179927.379   181261.269
185  TIM2e+G4      86007.468    229 172472.935   172511.507   173845.397
186  TIM2e+I+G4    85875.892    230 172211.785   172250.708   173590.240
187  TIM2e+R2      86977.873    230 174415.745   174454.668   175794.200
188  TIM2e+R3      86031.235    232 172526.470   172566.100   173916.911
189  TIM2e+R4      85863.958    234 172195.916   172236.261   173598.344
190  TIM2e+R5      85821.173    236 172114.346   172155.412   173528.760
191  TIM2e+R6      85812.742    238 172101.484   172143.279   173527.886
192  TIM2e+R7      85812.714    240 172105.428   172147.958   173543.816
196  TIM2+F        92208.332    231 184878.665   184917.941   186263.113
197  TIM2+F+I      89733.757    232 179931.513   179971.144   181321.955
198  TIM2+F+G4     85874.086    232 172212.172   172251.802   173602.613
199  TIM2+F+I+G4   85743.047    233 171952.093   171992.080   173348.528
200  TIM2+F+R2     86906.663    233 174279.325   174319.312   175675.760
201  TIM2+F+R3     85918.080    235 172306.161   172346.865   173714.582
202  TIM2+F+R4     85738.305    237 171950.610   171992.039   173371.017
203  TIM2+F+R5     85697.618    239 171873.237   171915.398   173305.631
204  TIM2+F+R6     85684.561    241 171851.122   171894.022   173295.503
205  TIM2+F+R7     85684.539    243 171855.078   171898.723   173311.446
209  TIM3e         91957.548    228 184371.095   184409.318   185737.563
210  TIM3e+I       89644.928    229 179747.855   179786.427   181120.317
211  TIM3e+G4      85998.103    229 172454.206   172492.778   173826.667
212  TIM3e+I+G4    85867.183    230 172194.365   172233.288   173572.820
213  TIM3e+R2      86948.370    230 174356.739   174395.662   175735.194
214  TIM3e+R3      86019.357    232 172502.714   172542.345   173893.156
215  TIM3e+R4      85854.388    234 172176.777   172217.121   173579.205
216  TIM3e+R5      85807.970    236 172087.939   172129.005   173502.354
217  TIM3e+R6      85802.825    238 172081.650   172123.444   173508.051
222  TIM3+F        92208.044    231 184878.087   184917.363   186262.535
223  TIM3+F+I      89776.944    232 180017.888   180057.518   181408.329
224  TIM3+F+G4     86010.065    232 172484.130   172523.760   173874.571
225  TIM3+F+I+G4   85876.689    233 172219.377   172259.364   173615.812
226  TIM3+F+R2     87009.165    233 174484.331   174524.317   175880.765
227  TIM3+F+R3     86040.405    235 172550.810   172591.514   173959.231
228  TIM3+F+R4     85864.459    237 172202.919   172244.348   173623.326
229  TIM3+F+R5     85825.263    239 172128.527   172170.688   173560.921
230  TIM3+F+R6     85814.377    241 172110.754   172153.653   173555.135
231  TIM3+F+R7     85814.287    243 172114.574   172158.219   173570.942
235  TVMe          91986.189    229 184430.377   184468.949   185802.839
236  TVMe+I        89699.784    230 179859.567   179898.490   181238.022
237  TVMe+G4       85978.709    230 172417.419   172456.342   173795.874
238  TVMe+I+G4     85853.647    231 172169.294   172208.570   173553.742
239  TVMe+R2       86935.546    231 174333.093   174372.369   175717.541
240  TVMe+R3       86007.108    233 172480.215   172520.202   173876.650
241  TVMe+R4       85843.733    235 172157.465   172198.170   173565.887
242  TVMe+R5       85798.648    237 172071.297   172112.726   173491.705
243  TVMe+R6       85792.468    239 172062.936   172105.096   173495.330
248  TVM+F         92210.996    232 184885.992   184925.623   186276.434
249  TVM+F+I       89832.813    233 180131.626   180171.613   181528.061
250  TVM+F+G4      85926.797    233 172319.595   172359.582   173716.030
251  TVM+F+I+G4    85801.171    234 172070.341   172110.686   173472.769
252  TVM+F+R2      86936.800    234 174341.599   174381.944   175744.027
253  TVM+F+R3      85972.181    236 172416.363   172457.429   173830.777
254  TVM+F+R4      85797.967    238 172071.934   172113.728   173498.335
255  TVM+F+R5      85755.404    240 171990.808   172033.338   173429.196
256  TVM+F+R6      85744.463    242 171972.926   172016.198   173423.301
257  TVM+F+R7      85744.421    244 171976.842   172020.862   173439.202
261  SYM           91949.714    230 184359.427   184398.350   185737.882
262  SYM+I         89637.243    231 179736.485   179775.761   181120.933
263  SYM+G4        85954.646    231 172371.292   172410.568   173755.740
264  SYM+I+G4      85825.321    232 172114.642   172154.273   173505.084
265  SYM+R2        86918.426    232 174300.853   174340.483   175691.294
266  SYM+R3        85978.641    234 172425.283   172465.628   173827.711
267  SYM+R4        85816.488    236 172104.976   172146.042   173519.391
268  SYM+R5        85769.023    238 172014.046   172055.840   173440.447
269  SYM+R6        85762.469    240 172004.939   172047.468   173443.326
274  GTR+F         92143.408    233 184752.816   184792.802   186149.250
275  GTR+F+I       89718.693    234 179905.386   179945.731   181307.814
276  GTR+F+G4      85866.903    234 172201.807   172242.151   173604.235
277  GTR+F+I+G4    85736.701    235 171943.402   171984.107   173351.824
278  GTR+F+R2      86896.148    235 174262.297   174303.001   175670.718
279  GTR+F+R3      85910.729    237 172295.457   172336.886   173715.865
280  GTR+F+R4      85733.086    239 171944.171   171986.332   173376.566
281  GTR+F+R5      85691.059    241 171864.118   171907.017   173308.499
282  GTR+F+R6      85678.815    243 171843.630   171887.276   173299.998
283  GTR+F+R7      85678.753    245 171847.506   171891.904   173315.860
Akaike Information Criterion:           GTR+F+R6
Corrected Akaike Information Criterion: GTR+F+R6
Bayesian Information Criterion:         TIM2+F+R6
Best-fit model: TIM2+F+R6 chosen according to BIC

All model information printed to ASNase_human_like_aa_seq_id50_MAFFTalign_rename.phylip.model.gz
CPU time for ModelFinder: 0.677 seconds (0h:0m:0s)
Wall-clock time for ModelFinder: 0.692 seconds (0h:0m:0s)

NOTE: 47 MB RAM (0 GB) is required!
Estimate model parameters (epsilon = 0.100)
1. Initial log-likelihood: -87819.477
2. Current log-likelihood: -85715.176
3. Current log-likelihood: -85697.506
4. Current log-likelihood: -85695.457
5. Current log-likelihood: -85694.074
6. Current log-likelihood: -85692.881
7. Current log-likelihood: -85691.766
8. Current log-likelihood: -85690.725
9. Current log-likelihood: -85689.765
10. Current log-likelihood: -85688.906
11. Current log-likelihood: -85688.146
12. Current log-likelihood: -85687.488
13. Current log-likelihood: -85686.933
14. Current log-likelihood: -85686.471
15. Current log-likelihood: -85686.093
16. Current log-likelihood: -85685.782
17. Current log-likelihood: -85685.530
18. Current log-likelihood: -85685.325
19. Current log-likelihood: -85685.159
20. Current log-likelihood: -85685.023
21. Current log-likelihood: -85684.914
Optimal log-likelihood: -85684.824
Rate parameters:  A-C: 1.60809  A-G: 3.03710  A-T: 1.60809  C-G: 1.00000  C-T: 4.12881  G-T: 1.00000
Base frequencies:  A: 0.226  C: 0.268  G: 0.290  T: 0.215
Site proportion and rates:  (0.094,0.005) (0.125,0.106) (0.190,0.379) (0.200,0.783) (0.228,1.470) (0.163,2.592)
Parameters optimization took 21 rounds (26.945 sec)
Computing ML distances based on estimated model parameters... 0.350 sec
Computing BIONJ tree...
0.008 seconds
Log-likelihood of BIONJ tree: -86276.442
--------------------------------------------------------------------
|             INITIALIZING CANDIDATE TREE SET                      |
--------------------------------------------------------------------
Generating 98 parsimony trees... 2.985 second
Computing log-likelihood of 98 initial trees ... 15.691 seconds
Current best score: -85684.824

Do NNI search on 20 best initial trees
Estimate model parameters (epsilon = 0.100)
BETTER TREE FOUND at iteration 1: -85638.745
Iteration 10 / LogL: -85640.486 / Time: 0h:1m:5s
Iteration 20 / LogL: -85643.663 / Time: 0h:1m:20s
Finish initializing candidate tree set (8)
Current best tree score: -85638.745 / CPU time: 51.480
Number of iterations: 20
--------------------------------------------------------------------
|               OPTIMIZING CANDIDATE TREE SET                      |
--------------------------------------------------------------------
Estimate model parameters (epsilon = 0.100)
BETTER TREE FOUND at iteration 27: -85635.405
Iteration 30 / LogL: -85675.952 / Time: 0h:1m:42s (0h:5m:39s left)
Iteration 40 / LogL: -85638.780 / Time: 0h:2m:3s (0h:4m:34s left)
Iteration 50 / LogL: -85641.629 / Time: 0h:2m:23s (0h:3m:43s left)
Iteration 60 / LogL: -85645.944 / Time: 0h:2m:44s (0h:3m:6s left)
Iteration 70 / LogL: -85641.962 / Time: 0h:3m:5s (0h:2m:32s left)
Iteration 80 / LogL: -85705.107 / Time: 0h:3m:26s (0h:2m:2s left)
Iteration 90 / LogL: -85637.811 / Time: 0h:3m:46s (0h:1m:33s left)
Iteration 100 / LogL: -85640.664 / Time: 0h:4m:6s (0h:1m:6s left)
Iteration 110 / LogL: -85637.060 / Time: 0h:4m:25s (0h:0m:41s left)
Iteration 120 / LogL: -85766.474 / Time: 0h:4m:45s (0h:0m:16s left)
TREE SEARCH COMPLETED AFTER 128 ITERATIONS / Time: 0h:5m:2s

--------------------------------------------------------------------
|                    FINALIZING TREE SEARCH                        |
--------------------------------------------------------------------
Performs final model parameters optimization
Estimate model parameters (epsilon = 0.010)
1. Initial log-likelihood: -85635.405
2. Current log-likelihood: -85635.359
3. Current log-likelihood: -85635.324
4. Current log-likelihood: -85635.295
5. Current log-likelihood: -85635.271
6. Current log-likelihood: -85635.251
7. Current log-likelihood: -85635.232
8. Current log-likelihood: -85635.216
Optimal log-likelihood: -85635.214
Rate parameters:  A-C: 1.61090  A-G: 3.04863  A-T: 1.61090  C-G: 1.00000  C-T: 4.15109  G-T: 1.00000
Base frequencies:  A: 0.226  C: 0.268  G: 0.290  T: 0.215
Site proportion and rates:  (0.086,0.003) (0.124,0.093) (0.186,0.355) (0.212,0.759) (0.236,1.482) (0.157,2.622)
Parameters optimization took 8 rounds (8.438 sec)
BEST SCORE FOUND : -85635.214
Ancestral state probabilities printed to ASNase_human_like_aa_seq_id50_MAFFTalign_rename.phylip.state
Total tree length: 19.773

Total number of iterations: 128
CPU time used for tree search: 273.161 sec (0h:4m:33s)
Wall-clock time used for tree search: 273.410 sec (0h:4m:33s)
Total CPU time used: 311.223 sec (0h:5m:11s)
Total wall-clock time used: 312.170 sec (0h:5m:12s)

Analysis results written to: 
  IQ-TREE report:                ASNase_human_like_aa_seq_id50_MAFFTalign_rename.phylip.iqtree
  Maximum-likelihood tree:       ASNase_human_like_aa_seq_id50_MAFFTalign_rename.phylip.treefile
  Likelihood distances:          ASNase_human_like_aa_seq_id50_MAFFTalign_rename.phylip.mldist
  Ancestral state:               ASNase_human_like_aa_seq_id50_MAFFTalign_rename.phylip.state
  Screen log file:               ASNase_human_like_aa_seq_id50_MAFFTalign_rename.phylip.log

Date and Time: Fri Sep 14 19:52:08 2018
